/usr/share/bash-completion/completions/passwd
/usr/share/doc/passwd
/usr/share/lintian/overrides/passwd
/usr/bin/passwd
/etc/passwd
/etc/pam.d/passwd
/var/lib/flatpak/runtime/org.kde.Platform.Locale/x86_64/5.14/b58c93affee647ea545bdfdaabcb74a7639e4aa0692831ad902e960e5708c736/files/etc/passwd
/var/lib/flatpak/runtime/org.kde.Platform/x86_64/5.14/36fc25152954e8954a1a7411f849e7270c8655b00b1af01032c70af482419d34/files/etc/passwd
/var/lib/flatpak/runtime/org.kde.Platform/x86_64/5.15/212d267860a3001081816007b074dd57993335aec23485c082d40034c6a5b857/files/etc/passwd
/var/lib/flatpak/runtime/org.freedesktop.Sdk/x86_64/19.08/ba16295ed6bed4da61b583eb78caa7a288b1ed4f8694e4124c27640bb4431181/files/etc/passwd
/var/lib/flatpak/runtime/org.freedesktop.Sdk/x86_64/18.08/323b2c5a538a572794763a656bf84b43ea2437f0cffa2fdc212480bb53ff4f1c/files/etc/passwd
/var/lib/flatpak/runtime/org.freedesktop.Sdk/x86_64/20.08/aa987b7abf13970a660324557bcf158f6924f9049c8b0a8b6c40c0db212f86b5/files/etc/passwd
/var/lib/flatpak/runtime/org.freedesktop.Sdk/x86_64/1.6/d1e0781a699ab6c89e3fad6ad1362f4903834c45df6fb900dbdf4981405ff18c/files/etc/passwd
/var/lib/flatpak/runtime/org.freedesktop.Platform/x86_64/19.08/f9bbe3b3c6a139ed3136c737fd14dc73991eafc4ed305732b9c9c90a859a5917/files/etc/passwd
/var/lib/flatpak/runtime/org.freedesktop.Platform/x86_64/18.08/d2efff796e45f00f201fce6eab1b3af6651aee989d084efdaf8930f4fc853b63/files/etc/passwd
/var/lib/flatpak/runtime/org.freedesktop.Platform/x86_64/20.08/63c4b310325615c74b8b5b2576733e3e7b751026cb5bf458c98ffacd7bfc6235/files/etc/passwd
/var/lib/flatpak/runtime/org.freedesktop.Platform/x86_64/1.6/5d36549bcc6edc8ff2f6a913cb7e0a78564eef3b703019743ba066ac4d1f3cbf/files/etc/passwd
/var/lib/flatpak/runtime/org.freedesktop.Platform.GL.default/x86_64/19.08/32a9ed4865940fb1fdc8e71044e4e269c81d06bfd3f4da0ff1ba9cf27119752c/files/etc/passwd
/var/lib/flatpak/runtime/org.freedesktop.Platform.GL.default/x86_64/20.08/3fbdbccc95abfb14b4a0fd619f8dd80106abd6c8538596d6b47cc9b0ea865ddd/files/etc/passwd
/var/lib/flatpak/runtime/org.freedesktop.Platform.html5-codecs/x86_64/18.08/b7a7c40bcd1ebb0005009f0fd8da9f5f805a44dcb5c48677a0312359ec4e933b/files/etc/passwd
/var/lib/flatpak/runtime/org.freedesktop.Platform.VAAPI.Intel/x86_64/19.08/9a63ae1456f82a8efabfe7e5f5121a2c3ea1311591a2861c51fd376cab861f15/files/etc/passwd
/var/lib/flatpak/runtime/org.freedesktop.Platform.VAAPI.Intel/x86_64/18.08/2982cfcc9ff88211984e4b1cd8efb5f598e4142fbbc183db8619234708607a4e/files/etc/passwd
/var/lib/flatpak/runtime/org.freedesktop.Platform.VAAPI.Intel/x86_64/20.08/299028bcc4f66ee793611bb43a7796a40a07558326ee3dbfc716c6f65afe3bd2/files/etc/passwd
/var/lib/flatpak/runtime/org.freedesktop.Platform.ffmpeg-full/x86_64/19.08/2a11ecc85e6b03f83310157ae0312cb22a7783c214b322a8e11ee99c6c89602b/files/etc/passwd
/var/lib/flatpak/runtime/org.freedesktop.Platform.ffmpeg-full/x86_64/20.08/aad0991c1f021ff24fe13cd10e1e3c970b8dc3484069e899bcc6c458656b1837/files/etc/passwd
/timeshift/snapshots/2021-08-13_22-00-02/localhost/usr/share/bash-completion/completions/passwd
/timeshift/snapshots/2021-08-13_22-00-02/localhost/usr/share/doc/passwd
/timeshift/snapshots/2021-08-13_22-00-02/localhost/usr/share/lintian/overrides/passwd
/timeshift/snapshots/2021-08-13_22-00-02/localhost/usr/bin/passwd
/timeshift/snapshots/2021-08-13_22-00-02/localhost/etc/passwd
/timeshift/snapshots/2021-08-13_22-00-02/localhost/etc/pam.d/passwd
/timeshift/snapshots/2021-08-13_22-00-02/localhost/var/lib/flatpak/runtime/org.kde.Platform.Locale/x86_64/5.14/b58c93affee647ea545bdfdaabcb74a7639e4aa0692831ad902e960e5708c736/files/etc/passwd
/timeshift/snapshots/2021-08-13_22-00-02/localhost/var/lib/flatpak/runtime/org.kde.Platform/x86_64/5.14/36fc25152954e8954a1a7411f849e7270c8655b00b1af01032c70af482419d34/files/etc/passwd
/timeshift/snapshots/2021-08-13_22-00-02/localhost/var/lib/flatpak/runtime/org.kde.Platform/x86_64/5.15/212d267860a3001081816007b074dd57993335aec23485c082d40034c6a5b857/files/etc/passwd
/timeshift/snapshots/2021-08-13_22-00-02/localhost/var/lib/flatpak/runtime/org.freedesktop.Sdk/x86_64/19.08/ba16295ed6bed4da61b583eb78caa7a288b1ed4f8694e4124c27640bb4431181/files/etc/passwd
/timeshift/snapshots/2021-08-13_22-00-02/localhost/var/lib/flatpak/runtime/org.freedesktop.Sdk/x86_64/18.08/323b2c5a538a572794763a656bf84b43ea2437f0cffa2fdc212480bb53ff4f1c/files/etc/passwd
/timeshift/snapshots/2021-08-13_22-00-02/localhost/var/lib/flatpak/runtime/org.freedesktop.Sdk/x86_64/20.08/aa987b7abf13970a660324557bcf158f6924f9049c8b0a8b6c40c0db212f86b5/files/etc/passwd
/timeshift/snapshots/2021-08-13_22-00-02/localhost/var/lib/flatpak/runtime/org.freedesktop.Sdk/x86_64/1.6/d1e0781a699ab6c89e3fad6ad1362f4903834c45df6fb900dbdf4981405ff18c/files/etc/passwd
/timeshift/snapshots/2021-08-13_22-00-02/localhost/var/lib/flatpak/runtime/org.freedesktop.Platform/x86_64/19.08/f9bbe3b3c6a139ed3136c737fd14dc73991eafc4ed305732b9c9c90a859a5917/files/etc/passwd
/timeshift/snapshots/2021-08-13_22-00-02/localhost/var/lib/flatpak/runtime/org.freedesktop.Platform/x86_64/18.08/d2efff796e45f00f201fce6eab1b3af6651aee989d084efdaf8930f4fc853b63/files/etc/passwd
/timeshift/snapshots/2021-08-13_22-00-02/localhost/var/lib/flatpak/runtime/org.freedesktop.Platform/x86_64/20.08/63c4b310325615c74b8b5b2576733e3e7b751026cb5bf458c98ffacd7bfc6235/files/etc/passwd
/timeshift/snapshots/2021-08-13_22-00-02/localhost/var/lib/flatpak/runtime/org.freedesktop.Platform/x86_64/1.6/5d36549bcc6edc8ff2f6a913cb7e0a78564eef3b703019743ba066ac4d1f3cbf/files/etc/passwd
/timeshift/snapshots/2021-08-13_22-00-02/localhost/var/lib/flatpak/runtime/org.freedesktop.Platform.GL.default/x86_64/19.08/32a9ed4865940fb1fdc8e71044e4e269c81d06bfd3f4da0ff1ba9cf27119752c/files/etc/passwd
/timeshift/snapshots/2021-08-13_22-00-02/localhost/var/lib/flatpak/runtime/org.freedesktop.Platform.GL.default/x86_64/20.08/3fbdbccc95abfb14b4a0fd619f8dd80106abd6c8538596d6b47cc9b0ea865ddd/files/etc/passwd
/timeshift/snapshots/2021-08-13_22-00-02/localhost/var/lib/flatpak/runtime/org.freedesktop.Platform.html5-codecs/x86_64/18.08/b7a7c40bcd1ebb0005009f0fd8da9f5f805a44dcb5c48677a0312359ec4e933b/files/etc/passwd
/timeshift/snapshots/2021-08-13_22-00-02/localhost/var/lib/flatpak/runtime/org.freedesktop.Platform.VAAPI.Intel/x86_64/19.08/9a63ae1456f82a8efabfe7e5f5121a2c3ea1311591a2861c51fd376cab861f15/files/etc/passwd
/timeshift/snapshots/2021-08-13_22-00-02/localhost/var/lib/flatpak/runtime/org.freedesktop.Platform.VAAPI.Intel/x86_64/18.08/2982cfcc9ff88211984e4b1cd8efb5f598e4142fbbc183db8619234708607a4e/files/etc/passwd
/timeshift/snapshots/2021-08-13_22-00-02/localhost/var/lib/flatpak/runtime/org.freedesktop.Platform.VAAPI.Intel/x86_64/20.08/299028bcc4f66ee793611bb43a7796a40a07558326ee3dbfc716c6f65afe3bd2/files/etc/passwd
/timeshift/snapshots/2021-08-13_22-00-02/localhost/var/lib/flatpak/runtime/org.freedesktop.Platform.ffmpeg-full/x86_64/19.08/2a11ecc85e6b03f83310157ae0312cb22a7783c214b322a8e11ee99c6c89602b/files/etc/passwd
/timeshift/snapshots/2021-08-13_22-00-02/localhost/var/lib/flatpak/runtime/org.freedesktop.Platform.ffmpeg-full/x86_64/20.08/aad0991c1f021ff24fe13cd10e1e3c970b8dc3484069e899bcc6c458656b1837/files/etc/passwd
/timeshift/snapshots/2021-08-16_22-00-01/localhost/usr/share/bash-completion/completions/passwd
/timeshift/snapshots/2021-08-16_22-00-01/localhost/usr/share/doc/passwd
/timeshift/snapshots/2021-08-16_22-00-01/localhost/usr/share/lintian/overrides/passwd
/timeshift/snapshots/2021-08-16_22-00-01/localhost/usr/bin/passwd
/timeshift/snapshots/2021-08-16_22-00-01/localhost/etc/passwd
/timeshift/snapshots/2021-08-16_22-00-01/localhost/etc/pam.d/passwd
/timeshift/snapshots/2021-08-16_22-00-01/localhost/var/lib/flatpak/runtime/org.kde.Platform.Locale/x86_64/5.14/b58c93affee647ea545bdfdaabcb74a7639e4aa0692831ad902e960e5708c736/files/etc/passwd
/timeshift/snapshots/2021-08-16_22-00-01/localhost/var/lib/flatpak/runtime/org.kde.Platform/x86_64/5.14/36fc25152954e8954a1a7411f849e7270c8655b00b1af01032c70af482419d34/files/etc/passwd
/timeshift/snapshots/2021-08-16_22-00-01/localhost/var/lib/flatpak/runtime/org.kde.Platform/x86_64/5.15/212d267860a3001081816007b074dd57993335aec23485c082d40034c6a5b857/files/etc/passwd
/timeshift/snapshots/2021-08-16_22-00-01/localhost/var/lib/flatpak/runtime/org.freedesktop.Sdk/x86_64/19.08/ba16295ed6bed4da61b583eb78caa7a288b1ed4f8694e4124c27640bb4431181/files/etc/passwd
/timeshift/snapshots/2021-08-16_22-00-01/localhost/var/lib/flatpak/runtime/org.freedesktop.Sdk/x86_64/18.08/323b2c5a538a572794763a656bf84b43ea2437f0cffa2fdc212480bb53ff4f1c/files/etc/passwd
/timeshift/snapshots/2021-08-16_22-00-01/localhost/var/lib/flatpak/runtime/org.freedesktop.Sdk/x86_64/20.08/aa987b7abf13970a660324557bcf158f6924f9049c8b0a8b6c40c0db212f86b5/files/etc/passwd
/timeshift/snapshots/2021-08-16_22-00-01/localhost/var/lib/flatpak/runtime/org.freedesktop.Sdk/x86_64/1.6/d1e0781a699ab6c89e3fad6ad1362f4903834c45df6fb900dbdf4981405ff18c/files/etc/passwd
/timeshift/snapshots/2021-08-16_22-00-01/localhost/var/lib/flatpak/runtime/org.freedesktop.Platform/x86_64/19.08/f9bbe3b3c6a139ed3136c737fd14dc73991eafc4ed305732b9c9c90a859a5917/files/etc/passwd
/timeshift/snapshots/2021-08-16_22-00-01/localhost/var/lib/flatpak/runtime/org.freedesktop.Platform/x86_64/18.08/d2efff796e45f00f201fce6eab1b3af6651aee989d084efdaf8930f4fc853b63/files/etc/passwd
/timeshift/snapshots/2021-08-16_22-00-01/localhost/var/lib/flatpak/runtime/org.freedesktop.Platform/x86_64/20.08/63c4b310325615c74b8b5b2576733e3e7b751026cb5bf458c98ffacd7bfc6235/files/etc/passwd
/timeshift/snapshots/2021-08-16_22-00-01/localhost/var/lib/flatpak/runtime/org.freedesktop.Platform/x86_64/1.6/5d36549bcc6edc8ff2f6a913cb7e0a78564eef3b703019743ba066ac4d1f3cbf/files/etc/passwd
/timeshift/snapshots/2021-08-16_22-00-01/localhost/var/lib/flatpak/runtime/org.freedesktop.Platform.GL.default/x86_64/19.08/32a9ed4865940fb1fdc8e71044e4e269c81d06bfd3f4da0ff1ba9cf27119752c/files/etc/passwd
/timeshift/snapshots/2021-08-16_22-00-01/localhost/var/lib/flatpak/runtime/org.freedesktop.Platform.GL.default/x86_64/20.08/3fbdbccc95abfb14b4a0fd619f8dd80106abd6c8538596d6b47cc9b0ea865ddd/files/etc/passwd
/timeshift/snapshots/2021-08-16_22-00-01/localhost/var/lib/flatpak/runtime/org.freedesktop.Platform.html5-codecs/x86_64/18.08/b7a7c40bcd1ebb0005009f0fd8da9f5f805a44dcb5c48677a0312359ec4e933b/files/etc/passwd
/timeshift/snapshots/2021-08-16_22-00-01/localhost/var/lib/flatpak/runtime/org.freedesktop.Platform.VAAPI.Intel/x86_64/19.08/9a63ae1456f82a8efabfe7e5f5121a2c3ea1311591a2861c51fd376cab861f15/files/etc/passwd
/timeshift/snapshots/2021-08-16_22-00-01/localhost/var/lib/flatpak/runtime/org.freedesktop.Platform.VAAPI.Intel/x86_64/18.08/2982cfcc9ff88211984e4b1cd8efb5f598e4142fbbc183db8619234708607a4e/files/etc/passwd
/timeshift/snapshots/2021-08-16_22-00-01/localhost/var/lib/flatpak/runtime/org.freedesktop.Platform.VAAPI.Intel/x86_64/20.08/299028bcc4f66ee793611bb43a7796a40a07558326ee3dbfc716c6f65afe3bd2/files/etc/passwd
/timeshift/snapshots/2021-08-16_22-00-01/localhost/var/lib/flatpak/runtime/org.freedesktop.Platform.ffmpeg-full/x86_64/19.08/2a11ecc85e6b03f83310157ae0312cb22a7783c214b322a8e11ee99c6c89602b/files/etc/passwd
/timeshift/snapshots/2021-08-16_22-00-01/localhost/var/lib/flatpak/runtime/org.freedesktop.Platform.ffmpeg-full/x86_64/20.08/aad0991c1f021ff24fe13cd10e1e3c970b8dc3484069e899bcc6c458656b1837/files/etc/passwd
/timeshift/snapshots/2021-08-15_22-00-02/localhost/usr/share/bash-completion/completions/passwd
/timeshift/snapshots/2021-08-15_22-00-02/localhost/usr/share/doc/passwd
/timeshift/snapshots/2021-08-15_22-00-02/localhost/usr/share/lintian/overrides/passwd
/timeshift/snapshots/2021-08-15_22-00-02/localhost/usr/bin/passwd
/timeshift/snapshots/2021-08-15_22-00-02/localhost/etc/passwd
/timeshift/snapshots/2021-08-15_22-00-02/localhost/etc/pam.d/passwd
/timeshift/snapshots/2021-08-15_22-00-02/localhost/var/lib/flatpak/runtime/org.kde.Platform.Locale/x86_64/5.14/b58c93affee647ea545bdfdaabcb74a7639e4aa0692831ad902e960e5708c736/files/etc/passwd
/timeshift/snapshots/2021-08-15_22-00-02/localhost/var/lib/flatpak/runtime/org.kde.Platform/x86_64/5.14/36fc25152954e8954a1a7411f849e7270c8655b00b1af01032c70af482419d34/files/etc/passwd
/timeshift/snapshots/2021-08-15_22-00-02/localhost/var/lib/flatpak/runtime/org.kde.Platform/x86_64/5.15/212d267860a3001081816007b074dd57993335aec23485c082d40034c6a5b857/files/etc/passwd
/timeshift/snapshots/2021-08-15_22-00-02/localhost/var/lib/flatpak/runtime/org.freedesktop.Sdk/x86_64/19.08/ba16295ed6bed4da61b583eb78caa7a288b1ed4f8694e4124c27640bb4431181/files/etc/passwd
/timeshift/snapshots/2021-08-15_22-00-02/localhost/var/lib/flatpak/runtime/org.freedesktop.Sdk/x86_64/18.08/323b2c5a538a572794763a656bf84b43ea2437f0cffa2fdc212480bb53ff4f1c/files/etc/passwd
/timeshift/snapshots/2021-08-15_22-00-02/localhost/var/lib/flatpak/runtime/org.freedesktop.Sdk/x86_64/20.08/aa987b7abf13970a660324557bcf158f6924f9049c8b0a8b6c40c0db212f86b5/files/etc/passwd
/timeshift/snapshots/2021-08-15_22-00-02/localhost/var/lib/flatpak/runtime/org.freedesktop.Sdk/x86_64/1.6/d1e0781a699ab6c89e3fad6ad1362f4903834c45df6fb900dbdf4981405ff18c/files/etc/passwd
/timeshift/snapshots/2021-08-15_22-00-02/localhost/var/lib/flatpak/runtime/org.freedesktop.Platform/x86_64/19.08/f9bbe3b3c6a139ed3136c737fd14dc73991eafc4ed305732b9c9c90a859a5917/files/etc/passwd
/timeshift/snapshots/2021-08-15_22-00-02/localhost/var/lib/flatpak/runtime/org.freedesktop.Platform/x86_64/18.08/d2efff796e45f00f201fce6eab1b3af6651aee989d084efdaf8930f4fc853b63/files/etc/passwd
/timeshift/snapshots/2021-08-15_22-00-02/localhost/var/lib/flatpak/runtime/org.freedesktop.Platform/x86_64/20.08/63c4b310325615c74b8b5b2576733e3e7b751026cb5bf458c98ffacd7bfc6235/files/etc/passwd
/timeshift/snapshots/2021-08-15_22-00-02/localhost/var/lib/flatpak/runtime/org.freedesktop.Platform/x86_64/1.6/5d36549bcc6edc8ff2f6a913cb7e0a78564eef3b703019743ba066ac4d1f3cbf/files/etc/passwd
/timeshift/snapshots/2021-08-15_22-00-02/localhost/var/lib/flatpak/runtime/org.freedesktop.Platform.GL.default/x86_64/19.08/32a9ed4865940fb1fdc8e71044e4e269c81d06bfd3f4da0ff1ba9cf27119752c/files/etc/passwd
/timeshift/snapshots/2021-08-15_22-00-02/localhost/var/lib/flatpak/runtime/org.freedesktop.Platform.GL.default/x86_64/20.08/3fbdbccc95abfb14b4a0fd619f8dd80106abd6c8538596d6b47cc9b0ea865ddd/files/etc/passwd
/timeshift/snapshots/2021-08-15_22-00-02/localhost/var/lib/flatpak/runtime/org.freedesktop.Platform.html5-codecs/x86_64/18.08/b7a7c40bcd1ebb0005009f0fd8da9f5f805a44dcb5c48677a0312359ec4e933b/files/etc/passwd
/timeshift/snapshots/2021-08-15_22-00-02/localhost/var/lib/flatpak/runtime/org.freedesktop.Platform.VAAPI.Intel/x86_64/19.08/9a63ae1456f82a8efabfe7e5f5121a2c3ea1311591a2861c51fd376cab861f15/files/etc/passwd
/timeshift/snapshots/2021-08-15_22-00-02/localhost/var/lib/flatpak/runtime/org.freedesktop.Platform.VAAPI.Intel/x86_64/18.08/2982cfcc9ff88211984e4b1cd8efb5f598e4142fbbc183db8619234708607a4e/files/etc/passwd
/timeshift/snapshots/2021-08-15_22-00-02/localhost/var/lib/flatpak/runtime/org.freedesktop.Platform.VAAPI.Intel/x86_64/20.08/299028bcc4f66ee793611bb43a7796a40a07558326ee3dbfc716c6f65afe3bd2/files/etc/passwd
/timeshift/snapshots/2021-08-15_22-00-02/localhost/var/lib/flatpak/runtime/org.freedesktop.Platform.ffmpeg-full/x86_64/19.08/2a11ecc85e6b03f83310157ae0312cb22a7783c214b322a8e11ee99c6c89602b/files/etc/passwd
/timeshift/snapshots/2021-08-15_22-00-02/localhost/var/lib/flatpak/runtime/org.freedesktop.Platform.ffmpeg-full/x86_64/20.08/aad0991c1f021ff24fe13cd10e1e3c970b8dc3484069e899bcc6c458656b1837/files/etc/passwd
/timeshift/snapshots/2021-08-12_22-00-02/localhost/usr/share/bash-completion/completions/passwd
/timeshift/snapshots/2021-08-12_22-00-02/localhost/usr/share/doc/passwd
/timeshift/snapshots/2021-08-12_22-00-02/localhost/usr/share/lintian/overrides/passwd
/timeshift/snapshots/2021-08-12_22-00-02/localhost/usr/bin/passwd
/timeshift/snapshots/2021-08-12_22-00-02/localhost/etc/passwd
/timeshift/snapshots/2021-08-12_22-00-02/localhost/etc/pam.d/passwd
/timeshift/snapshots/2021-08-12_22-00-02/localhost/var/lib/flatpak/runtime/org.kde.Platform.Locale/x86_64/5.14/b58c93affee647ea545bdfdaabcb74a7639e4aa0692831ad902e960e5708c736/files/etc/passwd
/timeshift/snapshots/2021-08-12_22-00-02/localhost/var/lib/flatpak/runtime/org.kde.Platform/x86_64/5.14/36fc25152954e8954a1a7411f849e7270c8655b00b1af01032c70af482419d34/files/etc/passwd
/timeshift/snapshots/2021-08-12_22-00-02/localhost/var/lib/flatpak/runtime/org.kde.Platform/x86_64/5.15/212d267860a3001081816007b074dd57993335aec23485c082d40034c6a5b857/files/etc/passwd
/timeshift/snapshots/2021-08-12_22-00-02/localhost/var/lib/flatpak/runtime/org.freedesktop.Sdk/x86_64/19.08/ba16295ed6bed4da61b583eb78caa7a288b1ed4f8694e4124c27640bb4431181/files/etc/passwd
/timeshift/snapshots/2021-08-12_22-00-02/localhost/var/lib/flatpak/runtime/org.freedesktop.Sdk/x86_64/18.08/323b2c5a538a572794763a656bf84b43ea2437f0cffa2fdc212480bb53ff4f1c/files/etc/passwd
/timeshift/snapshots/2021-08-12_22-00-02/localhost/var/lib/flatpak/runtime/org.freedesktop.Sdk/x86_64/20.08/aa987b7abf13970a660324557bcf158f6924f9049c8b0a8b6c40c0db212f86b5/files/etc/passwd
/timeshift/snapshots/2021-08-12_22-00-02/localhost/var/lib/flatpak/runtime/org.freedesktop.Sdk/x86_64/1.6/d1e0781a699ab6c89e3fad6ad1362f4903834c45df6fb900dbdf4981405ff18c/files/etc/passwd
/timeshift/snapshots/2021-08-12_22-00-02/localhost/var/lib/flatpak/runtime/org.freedesktop.Platform/x86_64/19.08/f9bbe3b3c6a139ed3136c737fd14dc73991eafc4ed305732b9c9c90a859a5917/files/etc/passwd
/timeshift/snapshots/2021-08-12_22-00-02/localhost/var/lib/flatpak/runtime/org.freedesktop.Platform/x86_64/18.08/d2efff796e45f00f201fce6eab1b3af6651aee989d084efdaf8930f4fc853b63/files/etc/passwd
/timeshift/snapshots/2021-08-12_22-00-02/localhost/var/lib/flatpak/runtime/org.freedesktop.Platform/x86_64/20.08/63c4b310325615c74b8b5b2576733e3e7b751026cb5bf458c98ffacd7bfc6235/files/etc/passwd
/timeshift/snapshots/2021-08-12_22-00-02/localhost/var/lib/flatpak/runtime/org.freedesktop.Platform/x86_64/1.6/5d36549bcc6edc8ff2f6a913cb7e0a78564eef3b703019743ba066ac4d1f3cbf/files/etc/passwd
/timeshift/snapshots/2021-08-12_22-00-02/localhost/var/lib/flatpak/runtime/org.freedesktop.Platform.GL.default/x86_64/19.08/32a9ed4865940fb1fdc8e71044e4e269c81d06bfd3f4da0ff1ba9cf27119752c/files/etc/passwd
/timeshift/snapshots/2021-08-12_22-00-02/localhost/var/lib/flatpak/runtime/org.freedesktop.Platform.GL.default/x86_64/20.08/3fbdbccc95abfb14b4a0fd619f8dd80106abd6c8538596d6b47cc9b0ea865ddd/files/etc/passwd
/timeshift/snapshots/2021-08-12_22-00-02/localhost/var/lib/flatpak/runtime/org.freedesktop.Platform.html5-codecs/x86_64/18.08/b7a7c40bcd1ebb0005009f0fd8da9f5f805a44dcb5c48677a0312359ec4e933b/files/etc/passwd
/timeshift/snapshots/2021-08-12_22-00-02/localhost/var/lib/flatpak/runtime/org.freedesktop.Platform.VAAPI.Intel/x86_64/19.08/9a63ae1456f82a8efabfe7e5f5121a2c3ea1311591a2861c51fd376cab861f15/files/etc/passwd
/timeshift/snapshots/2021-08-12_22-00-02/localhost/var/lib/flatpak/runtime/org.freedesktop.Platform.VAAPI.Intel/x86_64/18.08/2982cfcc9ff88211984e4b1cd8efb5f598e4142fbbc183db8619234708607a4e/files/etc/passwd
/timeshift/snapshots/2021-08-12_22-00-02/localhost/var/lib/flatpak/runtime/org.freedesktop.Platform.VAAPI.Intel/x86_64/20.08/299028bcc4f66ee793611bb43a7796a40a07558326ee3dbfc716c6f65afe3bd2/files/etc/passwd
/timeshift/snapshots/2021-08-12_22-00-02/localhost/var/lib/flatpak/runtime/org.freedesktop.Platform.ffmpeg-full/x86_64/19.08/2a11ecc85e6b03f83310157ae0312cb22a7783c214b322a8e11ee99c6c89602b/files/etc/passwd
/timeshift/snapshots/2021-08-12_22-00-02/localhost/var/lib/flatpak/runtime/org.freedesktop.Platform.ffmpeg-full/x86_64/20.08/aad0991c1f021ff24fe13cd10e1e3c970b8dc3484069e899bcc6c458656b1837/files/etc/passwd
/timeshift/snapshots/2021-08-14_22-00-01/localhost/usr/share/bash-completion/completions/passwd
/timeshift/snapshots/2021-08-14_22-00-01/localhost/usr/share/doc/passwd
/timeshift/snapshots/2021-08-14_22-00-01/localhost/usr/share/lintian/overrides/passwd
/timeshift/snapshots/2021-08-14_22-00-01/localhost/usr/bin/passwd
/timeshift/snapshots/2021-08-14_22-00-01/localhost/etc/passwd
/timeshift/snapshots/2021-08-14_22-00-01/localhost/etc/pam.d/passwd
/timeshift/snapshots/2021-08-14_22-00-01/localhost/var/lib/flatpak/runtime/org.kde.Platform.Locale/x86_64/5.14/b58c93affee647ea545bdfdaabcb74a7639e4aa0692831ad902e960e5708c736/files/etc/passwd
/timeshift/snapshots/2021-08-14_22-00-01/localhost/var/lib/flatpak/runtime/org.kde.Platform/x86_64/5.14/36fc25152954e8954a1a7411f849e7270c8655b00b1af01032c70af482419d34/files/etc/passwd
/timeshift/snapshots/2021-08-14_22-00-01/localhost/var/lib/flatpak/runtime/org.kde.Platform/x86_64/5.15/212d267860a3001081816007b074dd57993335aec23485c082d40034c6a5b857/files/etc/passwd
/timeshift/snapshots/2021-08-14_22-00-01/localhost/var/lib/flatpak/runtime/org.freedesktop.Sdk/x86_64/19.08/ba16295ed6bed4da61b583eb78caa7a288b1ed4f8694e4124c27640bb4431181/files/etc/passwd
/timeshift/snapshots/2021-08-14_22-00-01/localhost/var/lib/flatpak/runtime/org.freedesktop.Sdk/x86_64/18.08/323b2c5a538a572794763a656bf84b43ea2437f0cffa2fdc212480bb53ff4f1c/files/etc/passwd
/timeshift/snapshots/2021-08-14_22-00-01/localhost/var/lib/flatpak/runtime/org.freedesktop.Sdk/x86_64/20.08/aa987b7abf13970a660324557bcf158f6924f9049c8b0a8b6c40c0db212f86b5/files/etc/passwd
/timeshift/snapshots/2021-08-14_22-00-01/localhost/var/lib/flatpak/runtime/org.freedesktop.Sdk/x86_64/1.6/d1e0781a699ab6c89e3fad6ad1362f4903834c45df6fb900dbdf4981405ff18c/files/etc/passwd
/timeshift/snapshots/2021-08-14_22-00-01/localhost/var/lib/flatpak/runtime/org.freedesktop.Platform/x86_64/19.08/f9bbe3b3c6a139ed3136c737fd14dc73991eafc4ed305732b9c9c90a859a5917/files/etc/passwd
/timeshift/snapshots/2021-08-14_22-00-01/localhost/var/lib/flatpak/runtime/org.freedesktop.Platform/x86_64/18.08/d2efff796e45f00f201fce6eab1b3af6651aee989d084efdaf8930f4fc853b63/files/etc/passwd
/timeshift/snapshots/2021-08-14_22-00-01/localhost/var/lib/flatpak/runtime/org.freedesktop.Platform/x86_64/20.08/63c4b310325615c74b8b5b2576733e3e7b751026cb5bf458c98ffacd7bfc6235/files/etc/passwd
/timeshift/snapshots/2021-08-14_22-00-01/localhost/var/lib/flatpak/runtime/org.freedesktop.Platform/x86_64/1.6/5d36549bcc6edc8ff2f6a913cb7e0a78564eef3b703019743ba066ac4d1f3cbf/files/etc/passwd
/timeshift/snapshots/2021-08-14_22-00-01/localhost/var/lib/flatpak/runtime/org.freedesktop.Platform.GL.default/x86_64/19.08/32a9ed4865940fb1fdc8e71044e4e269c81d06bfd3f4da0ff1ba9cf27119752c/files/etc/passwd
/timeshift/snapshots/2021-08-14_22-00-01/localhost/var/lib/flatpak/runtime/org.freedesktop.Platform.GL.default/x86_64/20.08/3fbdbccc95abfb14b4a0fd619f8dd80106abd6c8538596d6b47cc9b0ea865ddd/files/etc/passwd
/timeshift/snapshots/2021-08-14_22-00-01/localhost/var/lib/flatpak/runtime/org.freedesktop.Platform.html5-codecs/x86_64/18.08/b7a7c40bcd1ebb0005009f0fd8da9f5f805a44dcb5c48677a0312359ec4e933b/files/etc/passwd
/timeshift/snapshots/2021-08-14_22-00-01/localhost/var/lib/flatpak/runtime/org.freedesktop.Platform.VAAPI.Intel/x86_64/19.08/9a63ae1456f82a8efabfe7e5f5121a2c3ea1311591a2861c51fd376cab861f15/files/etc/passwd
/timeshift/snapshots/2021-08-14_22-00-01/localhost/var/lib/flatpak/runtime/org.freedesktop.Platform.VAAPI.Intel/x86_64/18.08/2982cfcc9ff88211984e4b1cd8efb5f598e4142fbbc183db8619234708607a4e/files/etc/passwd
/timeshift/snapshots/2021-08-14_22-00-01/localhost/var/lib/flatpak/runtime/org.freedesktop.Platform.VAAPI.Intel/x86_64/20.08/299028bcc4f66ee793611bb43a7796a40a07558326ee3dbfc716c6f65afe3bd2/files/etc/passwd
/timeshift/snapshots/2021-08-14_22-00-01/localhost/var/lib/flatpak/runtime/org.freedesktop.Platform.ffmpeg-full/x86_64/19.08/2a11ecc85e6b03f83310157ae0312cb22a7783c214b322a8e11ee99c6c89602b/files/etc/passwd
/timeshift/snapshots/2021-08-14_22-00-01/localhost/var/lib/flatpak/runtime/org.freedesktop.Platform.ffmpeg-full/x86_64/20.08/aad0991c1f021ff24fe13cd10e1e3c970b8dc3484069e899bcc6c458656b1837/files/etc/passwd
